{"contracts/Raffle.sol":{"l":{"52":3,"53":3,"54":3,"55":3,"56":3,"57":3,"58":3,"59":3,"65":9,"66":1,"68":8,"69":1,"71":7,"74":7,"97":7,"98":7,"99":7,"100":7,"101":7,"102":7,"112":3,"114":3,"115":0,"121":3,"122":3,"130":3,"147":0,"148":0,"149":0,"150":0,"151":0,"152":0,"153":0,"155":0,"156":0,"158":0,"164":2,"168":0,"172":0,"176":0,"180":1,"184":0,"188":11,"192":10,"196":0},"path":"/home/kellspell/FreeCodeCamp/Hardhat-SmartLottery/contracts/Raffle.sol","s":{"1":3,"2":3,"3":3,"4":3,"5":3,"6":3,"7":3,"8":3,"9":9,"10":8,"11":7,"12":7,"13":7,"14":7,"15":7,"16":7,"17":7,"18":7,"19":3,"20":3,"21":3,"22":3,"23":3,"24":0,"25":0,"26":0,"27":0,"28":0,"29":0,"30":0,"31":0,"32":0,"33":2,"34":0,"35":0,"36":0,"37":1,"38":0,"39":11,"40":10,"41":0},"b":{"1":[1,8],"2":[1,7],"3":[0,3],"4":[0,0]},"f":{"1":3,"2":9,"3":7,"4":3,"5":0,"6":2,"7":0,"8":0,"9":0,"10":1,"11":0,"12":11,"13":10,"14":0},"fnMap":{"1":{"name":"constructor","line":51,"loc":{"start":{"line":44,"column":4},"end":{"line":60,"column":4}}},"2":{"name":"enterRaffle","line":62,"loc":{"start":{"line":62,"column":4},"end":{"line":75,"column":4}}},"3":{"name":"checkUpkeep","line":86,"loc":{"start":{"line":86,"column":4},"end":{"line":103,"column":4}}},"4":{"name":"performUpkeep","line":109,"loc":{"start":{"line":109,"column":4},"end":{"line":131,"column":4}}},"5":{"name":"fulfillRandomWords","line":137,"loc":{"start":{"line":137,"column":4},"end":{"line":159,"column":4}}},"6":{"name":"getRaffleState","line":163,"loc":{"start":{"line":163,"column":4},"end":{"line":165,"column":4}}},"7":{"name":"getNumWords","line":167,"loc":{"start":{"line":167,"column":4},"end":{"line":169,"column":4}}},"8":{"name":"getRequestConfirmations","line":171,"loc":{"start":{"line":171,"column":4},"end":{"line":173,"column":4}}},"9":{"name":"getRecentWinner","line":175,"loc":{"start":{"line":175,"column":4},"end":{"line":177,"column":4}}},"10":{"name":"getPlayer","line":179,"loc":{"start":{"line":179,"column":4},"end":{"line":181,"column":4}}},"11":{"name":"getLastTimeStamp","line":183,"loc":{"start":{"line":183,"column":4},"end":{"line":185,"column":4}}},"12":{"name":"getInterval","line":187,"loc":{"start":{"line":187,"column":4},"end":{"line":189,"column":4}}},"13":{"name":"getEntranceFee","line":191,"loc":{"start":{"line":191,"column":4},"end":{"line":193,"column":4}}},"14":{"name":"getNumberOfPlayers","line":195,"loc":{"start":{"line":195,"column":4},"end":{"line":197,"column":4}}}},"statementMap":{"1":{"start":{"line":52,"column":8},"end":{"line":52,"column":69}},"2":{"start":{"line":53,"column":8},"end":{"line":53,"column":26}},"3":{"start":{"line":54,"column":8},"end":{"line":54,"column":28}},"4":{"start":{"line":55,"column":8},"end":{"line":55,"column":40}},"5":{"start":{"line":56,"column":8},"end":{"line":56,"column":34}},"6":{"start":{"line":57,"column":8},"end":{"line":57,"column":39}},"7":{"start":{"line":58,"column":8},"end":{"line":58,"column":40}},"8":{"start":{"line":59,"column":8},"end":{"line":59,"column":44}},"9":{"start":{"line":65,"column":8},"end":{"line":65,"column":2298}},"10":{"start":{"line":68,"column":8},"end":{"line":68,"column":2401}},"11":{"start":{"line":71,"column":8},"end":{"line":71,"column":42}},"12":{"start":{"line":74,"column":8},"end":{"line":74,"column":36}},"13":{"start":{"line":97,"column":8},"end":{"line":97,"column":55}},"14":{"start":{"line":98,"column":8},"end":{"line":98,"column":76}},"15":{"start":{"line":99,"column":8},"end":{"line":99,"column":46}},"16":{"start":{"line":100,"column":8},"end":{"line":100,"column":51}},"17":{"start":{"line":101,"column":8},"end":{"line":101,"column":72}},"18":{"start":{"line":102,"column":8},"end":{"line":102,"column":36}},"19":{"start":{"line":112,"column":8},"end":{"line":112,"column":47}},"20":{"start":{"line":114,"column":8},"end":{"line":114,"column":4065}},"21":{"start":{"line":121,"column":8},"end":{"line":121,"column":46}},"22":{"start":{"line":122,"column":8},"end":{"line":122,"column":4325}},"23":{"start":{"line":130,"column":8},"end":{"line":130,"column":45}},"24":{"start":{"line":147,"column":8},"end":{"line":147,"column":65}},"25":{"start":{"line":148,"column":8},"end":{"line":148,"column":63}},"26":{"start":{"line":149,"column":8},"end":{"line":149,"column":36}},"27":{"start":{"line":150,"column":8},"end":{"line":150,"column":43}},"28":{"start":{"line":151,"column":8},"end":{"line":151,"column":39}},"29":{"start":{"line":152,"column":8},"end":{"line":152,"column":40}},"30":{"start":{"line":153,"column":8},"end":{"line":153,"column":78}},"31":{"start":{"line":155,"column":8},"end":{"line":155,"column":5499}},"32":{"start":{"line":158,"column":8},"end":{"line":158,"column":39}},"33":{"start":{"line":164,"column":8},"end":{"line":164,"column":28}},"34":{"start":{"line":168,"column":8},"end":{"line":168,"column":24}},"35":{"start":{"line":172,"column":8},"end":{"line":172,"column":36}},"36":{"start":{"line":176,"column":8},"end":{"line":176,"column":29}},"37":{"start":{"line":180,"column":8},"end":{"line":180,"column":31}},"38":{"start":{"line":184,"column":8},"end":{"line":184,"column":30}},"39":{"start":{"line":188,"column":8},"end":{"line":188,"column":25}},"40":{"start":{"line":192,"column":8},"end":{"line":192,"column":28}},"41":{"start":{"line":196,"column":8},"end":{"line":196,"column":31}}},"branchMap":{"1":{"line":65,"type":"if","locations":[{"start":{"line":65,"column":8},"end":{"line":65,"column":8}},{"start":{"line":65,"column":8},"end":{"line":65,"column":8}}]},"2":{"line":68,"type":"if","locations":[{"start":{"line":68,"column":8},"end":{"line":68,"column":8}},{"start":{"line":68,"column":8},"end":{"line":68,"column":8}}]},"3":{"line":114,"type":"if","locations":[{"start":{"line":114,"column":8},"end":{"line":114,"column":8}},{"start":{"line":114,"column":8},"end":{"line":114,"column":8}}]},"4":{"line":155,"type":"if","locations":[{"start":{"line":155,"column":8},"end":{"line":155,"column":8}},{"start":{"line":155,"column":8},"end":{"line":155,"column":8}}]}}},"contracts/test/VRFCoordinatorV2Mock.sol":{"l":{},"path":"/home/kellspell/FreeCodeCamp/Hardhat-SmartLottery/contracts/test/VRFCoordinatorV2Mock.sol","s":{},"b":{},"f":{},"fnMap":{},"statementMap":{},"branchMap":{}}}